<?xml version="1.0" encoding="UTF-8"?>
<!-- Generated by org.testng.reporters.JUnitXMLReporter -->
<testsuite ignored="0" hostname="DESKTOP-1U1S0Q0" failures="0" tests="2" name="Error Validations Test" time="10.151" errors="0" timestamp="2024-02-15T21:23:23 IST">
  <testcase classname="rahulshettyacademy.tests.ErrorValidationsTest" name="LoginErrorValidation" time="0.908"/>
  <testcase classname="rahulshettyacademy.tests.ErrorValidationsTest" name="ProductErrorValidation" time="1.989"/>
</testsuite> <!-- Error Validations Test -->
